#! /usr/bin/vvp
:ivl_version "10.3 (stable)";
:ivl_delay_selection "TYPICAL";
:vpi_time_precision - 12;
:vpi_module "system";
:vpi_module "vhdl_sys";
:vpi_module "v2005_math";
:vpi_module "va_math";
:vpi_module "v2009";
S_0x55d636647c90 .scope module, "iob_knn" "iob_knn" 2 6;
 .timescale -9 -12;
    .port_info 0 /INPUT 1 "valid"
    .port_info 1 /INPUT 3 "address"
    .port_info 2 /INPUT 1 "wdata"
    .port_info 3 /INPUT 4 "wstrb"
    .port_info 4 /OUTPUT 32 "rdata"
    .port_info 5 /OUTPUT 1 "ready"
    .port_info 6 /INPUT 1 "clk"
    .port_info 7 /INPUT 1 "rst"
P_0x55d6366192c0 .param/l "ADDR_W" 0 2 8, +C4<00000000000000000000000000000011>;
P_0x55d636619300 .param/l "DATA_W" 0 2 9, +C4<00000000000000000000000000100000>;
P_0x55d636619340 .param/l "WDATA_W" 0 2 10, +C4<00000000000000000000000000000001>;
L_0x55d636659f40 .functor BUFZ 32, v0x55d636679110_0, C4<00000000000000000000000000000000>, C4<00000000000000000000000000000000>, C4<00000000000000000000000000000000>;
L_0x55d636651cf0 .functor BUFZ 1, v0x55d6366792d0_0, C4<0>, C4<0>, C4<0>;
v0x55d636678d00_0 .var "KNN_ENABLE", 0 0;
v0x55d636678de0_0 .var "KNN_RESET", 0 0;
o0x7fe975823378 .functor BUFZ 3, C4<zzz>; HiZ drive
v0x55d636678ea0_0 .net "address", 2 0, o0x7fe975823378;  0 drivers
o0x7fe975823048 .functor BUFZ 1, C4<z>; HiZ drive
v0x55d636678f60_0 .net "clk", 0 0, o0x7fe975823048;  0 drivers
v0x55d636679050_0 .net "rdata", 31 0, L_0x55d636659f40;  1 drivers
v0x55d636679110_0 .var "rdata_int", 31 0;
v0x55d6366791f0_0 .net "ready", 0 0, L_0x55d636651cf0;  1 drivers
v0x55d6366792d0_0 .var "ready_int", 0 0;
o0x7fe975823468 .functor BUFZ 1, C4<z>; HiZ drive
v0x55d6366793b0_0 .net "rst", 0 0, o0x7fe975823468;  0 drivers
v0x55d636679490_0 .var "rst_int", 0 0;
o0x7fe975823498 .functor BUFZ 1, C4<z>; HiZ drive
v0x55d636679550_0 .net "valid", 0 0, o0x7fe975823498;  0 drivers
o0x7fe9758234c8 .functor BUFZ 1, C4<z>; HiZ drive
v0x55d636679610_0 .net "wdata", 0 0, o0x7fe9758234c8;  0 drivers
v0x55d6366796f0_0 .var "write", 0 0;
o0x7fe975823528 .functor BUFZ 4, C4<zzzz>; HiZ drive
v0x55d6366797d0_0 .net "wstrb", 3 0, o0x7fe975823528;  0 drivers
E_0x55d636652400 .event posedge, v0x55d6366793b0_0, v0x55d636642830_0;
E_0x55d636652dc0 .event edge, v0x55d6366797d0_0;
E_0x55d6366580b0 .event edge, v0x55d6366793b0_0, v0x55d636678de0_0;
E_0x55d636653350 .event edge, v0x55d636678ea0_0;
S_0x55d636659b00 .scope module, "knn0" "knn_core" 2 33, 3 4 0, S_0x55d636647c90;
 .timescale -9 -12;
    .port_info 0 /INPUT 1 "KNN_ENABLE"
    .port_info 1 /INPUT 1 "clk"
    .port_info 2 /INPUT 1 "rst"
    .port_info 3 /INPUT 32 "x1"
    .port_info 4 /INPUT 32 "y1"
    .port_info 5 /INPUT 32 "x2"
    .port_info 6 /INPUT 32 "y2"
    .port_info 7 /OUTPUT 64 "d2"
P_0x55d636659cd0 .param/l "DATA_W" 0 3 6, +C4<00000000000000000000000000100000>;
L_0x55d6366197b0 .functor BUFZ 64, v0x55d636643220_0, C4<0000000000000000000000000000000000000000000000000000000000000000>, C4<0000000000000000000000000000000000000000000000000000000000000000>, C4<0000000000000000000000000000000000000000000000000000000000000000>;
v0x55d636647150_0 .net "KNN_ENABLE", 0 0, v0x55d636678d00_0;  1 drivers
v0x55d636642830_0 .net "clk", 0 0, o0x7fe975823048;  alias, 0 drivers
v0x55d6366428d0_0 .net "d2", 63 0, L_0x55d6366197b0;  1 drivers
v0x55d636643220_0 .var "d_aux", 63 0;
v0x55d6366432c0_0 .net "rst", 0 0, v0x55d636679490_0;  1 drivers
o0x7fe975823108 .functor BUFZ 32, C4<zzzzzzzzzzzzzzzzzzzzzzzzzzzzzzzz>; HiZ drive
v0x55d636678880_0 .net "x1", 31 0, o0x7fe975823108;  0 drivers
o0x7fe975823138 .functor BUFZ 32, C4<zzzzzzzzzzzzzzzzzzzzzzzzzzzzzzzz>; HiZ drive
v0x55d636678960_0 .net "x2", 31 0, o0x7fe975823138;  0 drivers
o0x7fe975823168 .functor BUFZ 32, C4<zzzzzzzzzzzzzzzzzzzzzzzzzzzzzzzz>; HiZ drive
v0x55d636678a40_0 .net "y1", 31 0, o0x7fe975823168;  0 drivers
o0x7fe975823198 .functor BUFZ 32, C4<zzzzzzzzzzzzzzzzzzzzzzzzzzzzzzzz>; HiZ drive
v0x55d636678b20_0 .net "y2", 31 0, o0x7fe975823198;  0 drivers
E_0x55d6366469a0 .event edge, v0x55d636678880_0, v0x55d636678960_0, v0x55d636678a40_0, v0x55d636678b20_0;
S_0x55d636619550 .scope module, "knn_tb" "knn_tb" 4 5;
 .timescale -9 -12;
P_0x55d636654640 .param/l "PER" 1 4 7, +C4<00000000000000000000000000001010>;
v0x55d63667a830_0 .net "D2", 63 0, L_0x55d636651df0;  1 drivers
v0x55d63667a910_0 .var "KNN_ENABLE", 0 0;
v0x55d63667a9e0_0 .var "X1", 31 0;
v0x55d63667aae0_0 .var "X2", 31 0;
v0x55d63667abb0_0 .var "Y1", 31 0;
v0x55d63667ac50_0 .var "Y2", 31 0;
v0x55d63667ad20_0 .var "clk", 0 0;
v0x55d63667adf0_0 .var "rst", 0 0;
E_0x55d6366475f0 .event posedge, v0x55d636679fd0_0;
E_0x55d6366799f0 .event negedge, v0x55d63667a280_0;
E_0x55d636679a50 .event posedge, v0x55d63667a280_0;
S_0x55d636679ab0 .scope module, "knn0" "knn_core" 4 44, 3 4 0, S_0x55d636619550;
 .timescale -9 -12;
    .port_info 0 /INPUT 1 "KNN_ENABLE"
    .port_info 1 /INPUT 1 "clk"
    .port_info 2 /INPUT 1 "rst"
    .port_info 3 /INPUT 32 "x1"
    .port_info 4 /INPUT 32 "y1"
    .port_info 5 /INPUT 32 "x2"
    .port_info 6 /INPUT 32 "y2"
    .port_info 7 /OUTPUT 64 "d2"
P_0x55d636679c50 .param/l "DATA_W" 0 3 6, +C4<00000000000000000000000000100000>;
L_0x55d636651df0 .functor BUFZ 64, v0x55d63667a1a0_0, C4<0000000000000000000000000000000000000000000000000000000000000000>, C4<0000000000000000000000000000000000000000000000000000000000000000>, C4<0000000000000000000000000000000000000000000000000000000000000000>;
v0x55d636679ed0_0 .net "KNN_ENABLE", 0 0, v0x55d63667a910_0;  1 drivers
v0x55d636679fd0_0 .net "clk", 0 0, v0x55d63667ad20_0;  1 drivers
v0x55d63667a0b0_0 .net "d2", 63 0, L_0x55d636651df0;  alias, 1 drivers
v0x55d63667a1a0_0 .var "d_aux", 63 0;
v0x55d63667a280_0 .net "rst", 0 0, v0x55d63667adf0_0;  1 drivers
v0x55d63667a3b0_0 .net "x1", 31 0, v0x55d63667a9e0_0;  1 drivers
v0x55d63667a490_0 .net "x2", 31 0, v0x55d63667aae0_0;  1 drivers
v0x55d63667a570_0 .net "y1", 31 0, v0x55d63667abb0_0;  1 drivers
v0x55d63667a650_0 .net "y2", 31 0, v0x55d63667ac50_0;  1 drivers
E_0x55d636679e40 .event edge, v0x55d63667a3b0_0, v0x55d63667a490_0, v0x55d63667a570_0, v0x55d63667a650_0;
    .scope S_0x55d636659b00;
T_0 ;
    %wait E_0x55d6366469a0;
    %load/vec4 v0x55d636678880_0;
    %pad/u 64;
    %load/vec4 v0x55d636678960_0;
    %pad/u 64;
    %sub;
    %load/vec4 v0x55d636678880_0;
    %pad/u 64;
    %load/vec4 v0x55d636678960_0;
    %pad/u 64;
    %sub;
    %mul;
    %load/vec4 v0x55d636678a40_0;
    %pad/u 64;
    %load/vec4 v0x55d636678b20_0;
    %pad/u 64;
    %sub;
    %load/vec4 v0x55d636678a40_0;
    %pad/u 64;
    %load/vec4 v0x55d636678b20_0;
    %pad/u 64;
    %sub;
    %mul;
    %add;
    %store/vec4 v0x55d636643220_0, 0, 64;
    %jmp T_0;
    .thread T_0, $push;
    .scope S_0x55d636647c90;
T_1 ;
    %wait E_0x55d636652400;
    %load/vec4 v0x55d6366793b0_0;
    %flag_set/vec4 8;
    %jmp/0xz  T_1.0, 8;
    %pushi/vec4 0, 0, 1;
    %assign/vec4 v0x55d636678de0_0, 0;
    %jmp T_1.1;
T_1.0 ;
    %load/vec4 v0x55d636679550_0;
    %pad/u 4;
    %load/vec4 v0x55d6366797d0_0;
    %and;
    %load/vec4 v0x55d636678ea0_0;
    %pad/u 32;
    %pushi/vec4 0, 0, 32;
    %cmp/e;
    %flag_get/vec4 4;
    %pad/u 4;
    %and;
    %cmpi/ne 0, 0, 4;
    %jmp/0xz  T_1.2, 4;
    %load/vec4 v0x55d636679610_0;
    %assign/vec4 v0x55d636678de0_0, 0;
T_1.2 ;
T_1.1 ;
    %jmp T_1;
    .thread T_1;
    .scope S_0x55d636647c90;
T_2 ;
    %wait E_0x55d636652400;
    %load/vec4 v0x55d6366793b0_0;
    %flag_set/vec4 8;
    %jmp/0xz  T_2.0, 8;
    %pushi/vec4 0, 0, 1;
    %assign/vec4 v0x55d636678d00_0, 0;
    %jmp T_2.1;
T_2.0 ;
    %load/vec4 v0x55d636679550_0;
    %pad/u 4;
    %load/vec4 v0x55d6366797d0_0;
    %and;
    %load/vec4 v0x55d636678ea0_0;
    %pad/u 32;
    %pushi/vec4 1, 0, 32;
    %cmp/e;
    %flag_get/vec4 4;
    %pad/u 4;
    %and;
    %cmpi/ne 0, 0, 4;
    %jmp/0xz  T_2.2, 4;
    %load/vec4 v0x55d636679610_0;
    %assign/vec4 v0x55d636678d00_0, 0;
T_2.2 ;
T_2.1 ;
    %jmp T_2;
    .thread T_2;
    .scope S_0x55d636647c90;
T_3 ;
    %wait E_0x55d636653350;
    %pushi/vec4 0, 0, 32;
    %store/vec4 v0x55d636679110_0, 0, 32;
    %load/vec4 v0x55d636678ea0_0;
    %pushi/vec4 0, 0, 32;
    %store/vec4 v0x55d636679110_0, 0, 32;
    %jmp T_3.1;
T_3.1 ;
    %pop/vec4 1;
    %jmp T_3;
    .thread T_3, $push;
    .scope S_0x55d636647c90;
T_4 ;
    %wait E_0x55d6366580b0;
    %load/vec4 v0x55d6366793b0_0;
    %load/vec4 v0x55d636678de0_0;
    %or;
    %store/vec4 v0x55d636679490_0, 0, 1;
    %jmp T_4;
    .thread T_4, $push;
    .scope S_0x55d636647c90;
T_5 ;
    %wait E_0x55d636652dc0;
    %load/vec4 v0x55d6366797d0_0;
    %or/r;
    %store/vec4 v0x55d6366796f0_0, 0, 1;
    %jmp T_5;
    .thread T_5, $push;
    .scope S_0x55d636647c90;
T_6 ;
    %wait E_0x55d636652400;
    %load/vec4 v0x55d6366793b0_0;
    %flag_set/vec4 8;
    %jmp/0xz  T_6.0, 8;
    %pushi/vec4 0, 0, 1;
    %assign/vec4 v0x55d6366792d0_0, 0;
    %jmp T_6.1;
T_6.0 ;
    %load/vec4 v0x55d636679550_0;
    %assign/vec4 v0x55d6366792d0_0, 0;
T_6.1 ;
    %jmp T_6;
    .thread T_6;
    .scope S_0x55d636679ab0;
T_7 ;
    %wait E_0x55d636679e40;
    %load/vec4 v0x55d63667a3b0_0;
    %pad/u 64;
    %load/vec4 v0x55d63667a490_0;
    %pad/u 64;
    %sub;
    %load/vec4 v0x55d63667a3b0_0;
    %pad/u 64;
    %load/vec4 v0x55d63667a490_0;
    %pad/u 64;
    %sub;
    %mul;
    %load/vec4 v0x55d63667a570_0;
    %pad/u 64;
    %load/vec4 v0x55d63667a650_0;
    %pad/u 64;
    %sub;
    %load/vec4 v0x55d63667a570_0;
    %pad/u 64;
    %load/vec4 v0x55d63667a650_0;
    %pad/u 64;
    %sub;
    %mul;
    %add;
    %store/vec4 v0x55d63667a1a0_0, 0, 64;
    %jmp T_7;
    .thread T_7, $push;
    .scope S_0x55d636619550;
T_8 ;
    %pushi/vec4 1, 0, 1;
    %store/vec4 v0x55d63667ad20_0, 0, 1;
    %pushi/vec4 0, 0, 1;
    %store/vec4 v0x55d63667adf0_0, 0, 1;
    %end;
    .thread T_8, $init;
    .scope S_0x55d636619550;
T_9 ;
    %delay 5000, 0;
    %load/vec4 v0x55d63667ad20_0;
    %inv;
    %store/vec4 v0x55d63667ad20_0, 0, 1;
    %jmp T_9;
    .thread T_9;
    .scope S_0x55d636619550;
T_10 ;
    %delay 7000, 0;
    %pushi/vec4 1, 0, 1;
    %store/vec4 v0x55d63667adf0_0, 0, 1;
    %delay 10000, 0;
    %pushi/vec4 0, 0, 1;
    %store/vec4 v0x55d63667adf0_0, 0, 1;
    %end;
    .thread T_10;
    .scope S_0x55d636619550;
T_11 ;
    %vpi_call/w 4 21 "$dumpfile", "knn.vcd" {0 0 0};
    %vpi_call/w 4 22 "$dumpvars" {0 0 0};
    %pushi/vec4 0, 0, 1;
    %store/vec4 v0x55d63667a910_0, 0, 1;
    %pushi/vec4 2, 0, 32;
    %store/vec4 v0x55d63667a9e0_0, 0, 32;
    %pushi/vec4 4, 0, 32;
    %store/vec4 v0x55d63667aae0_0, 0, 32;
    %pushi/vec4 0, 0, 32;
    %store/vec4 v0x55d63667abb0_0, 0, 32;
    %pushi/vec4 0, 0, 32;
    %store/vec4 v0x55d63667ac50_0, 0, 32;
    %wait E_0x55d636679a50;
    %wait E_0x55d6366799f0;
    %wait E_0x55d6366475f0;
    %delay 1000, 0;
    %pushi/vec4 1, 0, 1;
    %store/vec4 v0x55d63667a910_0, 0, 1;
    %wait E_0x55d6366475f0;
    %delay 1000, 0;
    %pushi/vec4 0, 0, 1;
    %store/vec4 v0x55d63667a910_0, 0, 1;
    %vpi_call/w 4 38 "$write", "square distance between (%d,%d) and (%d,%d) = %d\012", v0x55d63667a9e0_0, v0x55d63667abb0_0, v0x55d63667aae0_0, v0x55d63667ac50_0, v0x55d63667a830_0 {0 0 0};
    %vpi_call/w 4 40 "$finish" {0 0 0};
    %end;
    .thread T_11;
# The file index is used to find the file name in the following table.
:file_names 5;
    "N/A";
    "<interactive>";
    "../../../hardware/src/iob_knn.v";
    "../../../hardware/src/knn.v";
    "../../../hardware/testbench/knn_tb.v";
